
Compiling your contracts...
===========================
> Everything is up to date, there is nothing to compile.



Starting migrations...
======================
> Network name:    'bsctestnet'
> Network id:      97
> Block gas limit: 30000000 (0x1c9c380)


1_initial_migration.js
======================

   Replacing 'Migrations'
   ----------------------
   > transaction hash:    0xe6e039826d32939fd9ffea7b0fa835cf8a07796775c1c6d3efb6d807a60882be
   > Blocks: 3            Seconds: 8
   > contract address:    0xFf5c3f5FE65DE1C7146857C51A81f8a5d9533c78
   > block number:        15253990
   > block timestamp:     1640355050
   > account:             0xb0bbEA2d69a20a332Ff90486761B908482030636
   > balance:             0.151815489999730298
   > gas used:            248854 (0x3cc16)
   > gas price:           10 gwei
   > value sent:          0 ETH
   > total cost:          0.00248854 ETH

   Pausing for 10 confirmations...
   -------------------------------
   > confirmation number: 1 (block: 15253992)
   > confirmation number: 2 (block: 15253993)
   > confirmation number: 4 (block: 15253995)
   > confirmation number: 5 (block: 15253996)
   > confirmation number: 6 (block: 15253997)
   > confirmation number: 8 (block: 15253999)
   > confirmation number: 9 (block: 15254000)
   > confirmation number: 10 (block: 15254001)

   > Saving migration to chain.
   > Saving artifacts
   -------------------------------------
   > Total cost:          0.00248854 ETH


2_deploy_ethereum.js
====================

   Replacing 'Array'
   -----------------
   > transaction hash:    0x9f17d55ac0ddd89248e4f29cfc8d2f31b6f3f98103fb61fa807b0ff7828ec78e

Compiling your contracts...
===========================
> Everything is up to date, there is nothing to compile.



Starting migrations...
======================
> Network name:    'bsctestnet'
> Network id:      97
> Block gas limit: 30000000 (0x1c9c380)


1_initial_migration.js
======================

   Replacing 'Migrations'
   ----------------------
   > transaction hash:    0xfde18d198922b45ce35fabdbcea9cbfb4aff0dcf326c44013348637585b71da5
   > Blocks: 2            Seconds: 4
   > contract address:    0xf9ED9Cf4E4b8ca6077c678a3AcAde2BE1d41CA49
   > block number:        15254225
   > block timestamp:     1640355755
   > account:             0xb0bbEA2d69a20a332Ff90486761B908482030636
   > balance:             0.146661599999730298
   > gas used:            248854 (0x3cc16)
   > gas price:           10 gwei
   > value sent:          0 ETH
   > total cost:          0.00248854 ETH

   Pausing for 10 confirmations...
   -------------------------------
   > confirmation number: 2 (block: 15254227)
   > confirmation number: 3 (block: 15254228)
   > confirmation number: 5 (block: 15254230)
   > confirmation number: 6 (block: 15254231)
   > confirmation number: 7 (block: 15254232)
   > confirmation number: 8 (block: 15254233)
   > confirmation number: 10 (block: 15254235)

   > Saving migration to chain.
   > Saving artifacts
   -------------------------------------
   > Total cost:          0.00248854 ETH


2_deploy_ethereum.js
====================

   Replacing 'Array'
   -----------------
   > transaction hash:    0xa544e2827eba79589953a420c569ed2dfea71c5b95dfbf645b1174aefe833547
   > Blocks: 1            Seconds: 4
   > contract address:    0x06E7dD8BF97554DBd19943Ed345E578E0EFe1A80
   > block number:        15254240
   > block timestamp:     1640355800
   > account:             0xb0bbEA2d69a20a332Ff90486761B908482030636
   > balance:             0.143996249999730298
   > gas used:            224022 (0x36b16)
   > gas price:           10 gwei
   > value sent:          0 ETH
   > total cost:          0.00224022 ETH

   Pausing for 10 confirmations...
   -------------------------------
   > confirmation number: 2 (block: 15254242)
   > confirmation number: 4 (block: 15254244)
   > confirmation number: 5 (block: 15254245)
   > confirmation number: 6 (block: 15254246)
   > confirmation number: 7 (block: 15254247)
   > confirmation number: 9 (block: 15254249)
   > confirmation number: 10 (block: 15254250)

   Linking
   -------
   * Contract: Masterdemon <--> Library: Array (at address: 0x06E7dD8BF97554DBd19943Ed345E578E0EFe1A80)

   Replacing 'Masterdemon'
   -----------------------
   > transaction hash:    0x0d6e3d3c5626642c441796e313f0a3456b9738c5ebfbe2105c14f8e7e87e3b91
   > Blocks: 2            Seconds: 4
   > contract address:    0xa15f8B16C51129C914a62E21Ac43EC715F75C722
   > block number:        15254253
   > block timestamp:     1640355839
   > account:             0xb0bbEA2d69a20a332Ff90486761B908482030636
   > balance:             0.123197749999730298
   > gas used:            2079850 (0x1fbc6a)
   > gas price:           10 gwei
   > value sent:          0 ETH
   > total cost:          0.0207985 ETH

   Pausing for 10 confirmations...
   -------------------------------
   > confirmation number: 2 (block: 15254255)
   > confirmation number: 3 (block: 15254256)
   > confirmation number: 4 (block: 15254257)
   > confirmation number: 6 (block: 15254259)
   > confirmation number: 7 (block: 15254260)
   > confirmation number: 8 (block: 15254261)
   > confirmation number: 10 (block: 15254263)

   Replacing 'MockCollection'
   --------------------------
   > transaction hash:    0x6a1ef0eb086a339081c8b45e8c20b4b62762ca728e57dc782886d3a4698740e0
   > Blocks: 2            Seconds: 5
   > contract address:    0xb98723bA6875E7e25F3658A6da78Ee56EeF9e7B8
   > block number:        15254265
   > block timestamp:     1640355875
   > account:             0xb0bbEA2d69a20a332Ff90486761B908482030636
   > balance:             0.095972309999730298
   > gas used:            2722544 (0x298af0)
   > gas price:           10 gwei
   > value sent:          0 ETH
   > total cost:          0.02722544 ETH

   Pausing for 10 confirmations...
   -------------------------------
   > confirmation number: 2 (block: 15254267)
   > confirmation number: 3 (block: 15254268)
   > confirmation number: 4 (block: 15254269)
   > confirmation number: 6 (block: 15254271)
   > confirmation number: 7 (block: 15254272)
   > confirmation number: 8 (block: 15254273)
   > confirmation number: 10 (block: 15254275)

   > Saving migration to chain.
   > Saving artifacts
   -------------------------------------
   > Total cost:          0.05026416 ETH


Summary
=======
> Total deployments:   4
> Final cost:          0.0527527 ETH


